# JRE version: Java(TM) SE Runtime Environment (17.0.12+8) (build 17.0.12+8-LTS-286)
# Java VM: Java HotSpot(TM) 64-Bit Server VM (17.0.12+8-LTS-286, mixed mode, sharing, tiered, compressed oops, compressed class ptrs, g1 gc, windows-amd64)
GC Precious Log:
 CPUs: 16 total, 16 available
 Memory: 14140M
 Large Page Support: Disabled
 NUMA Support: Disabled
 Compressed Oops: Enabled (32-bit)
 Heap Region Size: 1M
 Heap Min Capacity: 8M
 Heap Initial Capacity: 222M
 Heap Max Capacity: 2G
 Pre-touch: Disabled
 Parallel Workers: 13
 Concurrent Workers: 3
 Concurrent Refinement Workers: 13
 Periodic GC: Disabled
Heap:
 garbage-first heap   total 227328K, used 150869K [0x0000000080000000, 0x0000000100000000)
  region size 1024K, 4 young (4096K), 4 survivors (4096K)
 Metaspace       used 120847K, committed 121792K, reserved 1179648K
  class space    used 15549K, committed 16000K, reserved 1048576K
GC Heap History (20 events):
Event: 24.298 GC heap after
{Heap after GC invocations=43 (full 0):
 garbage-first heap   total 200704K, used 115067K [0x0000000080000000, 0x0000000100000000)
  region size 1024K, 3 young (3072K), 3 survivors (3072K)
 Metaspace       used 110969K, committed 111680K, reserved 1179648K
  class space    used 14223K, committed 14528K, reserved 1048576K
}
Event: 24.413 GC heap before
{Heap before GC invocations=43 (full 0):
 garbage-first heap   total 200704K, used 121211K [0x0000000080000000, 0x0000000100000000)
  region size 1024K, 9 young (9216K), 3 survivors (3072K)
 Metaspace       used 111745K, committed 112512K, reserved 1179648K
  class space    used 14325K, committed 14656K, reserved 1048576K
}
Event: 24.416 GC heap after
{Heap after GC invocations=44 (full 0):
 garbage-first heap   total 200704K, used 114380K [0x0000000080000000, 0x0000000100000000)
  region size 1024K, 1 young (1024K), 1 survivors (1024K)
 Metaspace       used 111745K, committed 112512K, reserved 1179648K
  class space    used 14325K, committed 14656K, reserved 1048576K
}
Event: 25.026 GC heap before
{Heap before GC invocations=44 (full 0):
 garbage-first heap   total 200704K, used 166604K [0x0000000080000000, 0x0000000100000000)
  region size 1024K, 52 young (53248K), 1 survivors (1024K)
 Metaspace       used 113238K, committed 113984K, reserved 1179648K
  class space    used 14514K, committed 14848K, reserved 1048576K
}
Event: 25.031 GC heap after
{Heap after GC invocations=45 (full 0):
 garbage-first heap   total 200704K, used 129984K [0x0000000080000000, 0x0000000100000000)
  region size 1024K, 7 young (7168K), 7 survivors (7168K)
 Metaspace       used 113238K, committed 113984K, reserved 1179648K
  class space    used 14514K, committed 14848K, reserved 1048576K
}
Event: 25.332 GC heap before
{Heap before GC invocations=46 (full 0):
 garbage-first heap   total 203776K, used 143296K [0x0000000080000000, 0x0000000100000000)
  region size 1024K, 37 young (37888K), 7 survivors (7168K)
 Metaspace       used 113506K, committed 114304K, reserved 1179648K
  class space    used 14523K, committed 14848K, reserved 1048576K
}
Event: 25.340 GC heap after
{Heap after GC invocations=47 (full 0):
 garbage-first heap   total 203776K, used 122415K [0x0000000080000000, 0x0000000100000000)
  region size 1024K, 5 young (5120K), 5 survivors (5120K)
 Metaspace       used 113506K, committed 114304K, reserved 1179648K
  class space    used 14523K, committed 14848K, reserved 1048576K
}
Event: 25.344 GC heap before
{Heap before GC invocations=47 (full 0):
 garbage-first heap   total 203776K, used 126511K [0x0000000080000000, 0x0000000100000000)
  region size 1024K, 9 young (9216K), 5 survivors (5120K)
 Metaspace       used 113506K, committed 114304K, reserved 1179648K
  class space    used 14523K, committed 14848K, reserved 1048576K
}
Event: 25.348 GC heap after
{Heap after GC invocations=48 (full 0):
 garbage-first heap   total 203776K, used 107675K [0x0000000080000000, 0x0000000100000000)
  region size 1024K, 2 young (2048K), 2 survivors (2048K)
 Metaspace       used 113506K, committed 114304K, reserved 1179648K
  class space    used 14523K, committed 14848K, reserved 1048576K
}
Event: 25.369 GC heap before
{Heap before GC invocations=48 (full 0):
 garbage-first heap   total 203776K, used 114843K [0x0000000080000000, 0x0000000100000000)
  region size 1024K, 9 young (9216K), 2 survivors (2048K)
 Metaspace       used 113506K, committed 114304K, reserved 1179648K
  class space    used 14523K, committed 14848K, reserved 1048576K
}
Event: 25.374 GC heap after
{Heap after GC invocations=49 (full 0):
 garbage-first heap   total 203776K, used 109832K [0x0000000080000000, 0x0000000100000000)
  region size 1024K, 2 young (2048K), 2 survivors (2048K)
 Metaspace       used 113506K, committed 114304K, reserved 1179648K
  class space    used 14523K, committed 14848K, reserved 1048576K
}
Event: 26.491 GC heap before
{Heap before GC invocations=49 (full 0):
 garbage-first heap   total 203776K, used 150792K [0x0000000080000000, 0x0000000100000000)
  region size 1024K, 43 young (44032K), 2 survivors (2048K)
 Metaspace       used 114681K, committed 115456K, reserved 1179648K
  class space    used 14590K, committed 14912K, reserved 1048576K
}
Event: 26.497 GC heap after
{Heap after GC invocations=50 (full 0):
 garbage-first heap   total 203776K, used 121557K [0x0000000080000000, 0x0000000100000000)
  region size 1024K, 6 young (6144K), 6 survivors (6144K)
 Metaspace       used 114681K, committed 115456K, reserved 1179648K
  class space    used 14590K, committed 14912K, reserved 1048576K
}
Event: 27.665 GC heap before
{Heap before GC invocations=50 (full 0):
 garbage-first heap   total 203776K, used 156373K [0x0000000080000000, 0x0000000100000000)
  region size 1024K, 40 young (40960K), 6 survivors (6144K)
 Metaspace       used 118526K, committed 119296K, reserved 1179648K
  class space    used 15178K, committed 15552K, reserved 1048576K
}
Event: 27.669 GC heap after
{Heap after GC invocations=51 (full 0):
 garbage-first heap   total 203776K, used 124979K [0x0000000080000000, 0x0000000100000000)
  region size 1024K, 3 young (3072K), 3 survivors (3072K)
 Metaspace       used 118526K, committed 119296K, reserved 1179648K
  class space    used 15178K, committed 15552K, reserved 1048576K
}
Event: 28.590 GC heap before
{Heap before GC invocations=51 (full 0):
 garbage-first heap   total 203776K, used 160819K [0x0000000080000000, 0x0000000100000000)
  region size 1024K, 38 young (38912K), 3 survivors (3072K)
 Metaspace       used 120777K, committed 121664K, reserved 1179648K
  class space    used 15547K, committed 15936K, reserved 1048576K
}
Event: 28.595 GC heap after
{Heap after GC invocations=52 (full 0):
 garbage-first heap   total 203776K, used 128732K [0x0000000080000000, 0x0000000100000000)
  region size 1024K, 5 young (5120K), 5 survivors (5120K)
 Metaspace       used 120777K, committed 121664K, reserved 1179648K
  class space    used 15547K, committed 15936K, reserved 1048576K
}
Event: 28.653 GC heap before
{Heap before GC invocations=52 (full 0):
 garbage-first heap   total 203776K, used 163548K [0x0000000080000000, 0x0000000100000000)
  region size 1024K, 39 young (39936K), 5 survivors (5120K)
 Metaspace       used 120777K, committed 121664K, reserved 1179648K
  class space    used 15547K, committed 15936K, reserved 1048576K
}
Event: 28.661 GC heap after
{Heap after GC invocations=53 (full 0):
 garbage-first heap   total 203776K, used 143102K [0x0000000080000000, 0x0000000100000000)
  region size 1024K, 5 young (5120K), 5 survivors (5120K)
 Metaspace       used 120777K, committed 121664K, reserved 1179648K
  class space    used 15547K, committed 15936K, reserved 1048576K
}
Event: 28.793 GC heap before
{Heap before GC invocations=53 (full 0):
 garbage-first heap   total 203776K, used 167678K [0x0000000080000000, 0x0000000100000000)
  region size 1024K, 29 young (29696K), 5 survivors (5120K)
 Metaspace       used 120847K, committed 121792K, reserved 1179648K
  class space    used 15549K, committed 16000K, reserved 1048576K
}

