# JRE version: OpenJDK Runtime Environment (21.0.9) (build 21.0.9+-14649483-b1163.86)
# Java VM: OpenJDK 64-Bit Server VM (21.0.9+-14649483-b1163.86, mixed mode, tiered, compressed oops, compressed class ptrs, g1 gc, windows-amd64)
GC Precious Log:
 CardTable entry size: 512
 Card Set container configuration: InlinePtr #cards 5 size 8 Array Of Cards #cards 12 size 40 Howl #buckets 4 coarsen threshold 1843 Howl Bitmap #cards 512 size 80 coarsen threshold 460 Card regions per heap region 1 cards per card region 2048
 CPUs: 16 total, 16 available
 Memory: 14140M
 Large Page Support: Disabled
 NUMA Support: Disabled
 Compressed Oops: Enabled (32-bit)
 Heap Region Size: 1M
 Heap Min Capacity: 8M
 Heap Initial Capacity: 222M
 Heap Max Capacity: 2G
 Pre-touch: Disabled
 Parallel Workers: 13
 Concurrent Workers: 3
 Concurrent Refinement Workers: 13
 Periodic GC: Disabled
Heap:
 garbage-first heap   total 97280K, used 54106K [0x0000000080000000, 0x0000000100000000)
  region size 1024K, 3 young (3072K), 3 survivors (3072K)
 Metaspace       used 71172K, committed 73024K, reserved 1114112K
  class space    used 10057K, committed 10944K, reserved 1048576K
GC Heap History (20 events):
Event: 7.774 GC heap after
{Heap after GC invocations=17 (full 0):
 garbage-first heap   total 79872K, used 43803K [0x0000000080000000, 0x0000000100000000)
  region size 1024K, 2 young (2048K), 2 survivors (2048K)
 Metaspace       used 61743K, committed 63424K, reserved 1114112K
  class space    used 8723K, committed 9536K, reserved 1048576K
}
Event: 8.297 GC heap before
{Heap before GC invocations=17 (full 0):
 garbage-first heap   total 79872K, used 73499K [0x0000000080000000, 0x0000000100000000)
  region size 1024K, 31 young (31744K), 2 survivors (2048K)
 Metaspace       used 65849K, committed 67584K, reserved 1114112K
  class space    used 9358K, committed 10176K, reserved 1048576K
}
Event: 8.300 GC heap after
{Heap after GC invocations=18 (full 0):
 garbage-first heap   total 79872K, used 44554K [0x0000000080000000, 0x0000000100000000)
  region size 1024K, 4 young (4096K), 4 survivors (4096K)
 Metaspace       used 65849K, committed 67584K, reserved 1114112K
  class space    used 9358K, committed 10176K, reserved 1048576K
}
Event: 10.011 GC heap before
{Heap before GC invocations=18 (full 0):
 garbage-first heap   total 79872K, used 72202K [0x0000000080000000, 0x0000000100000000)
  region size 1024K, 31 young (31744K), 4 survivors (4096K)
 Metaspace       used 69022K, committed 70848K, reserved 1114112K
  class space    used 9874K, committed 10752K, reserved 1048576K
}
Event: 10.014 GC heap after
{Heap after GC invocations=19 (full 0):
 garbage-first heap   total 79872K, used 46312K [0x0000000080000000, 0x0000000100000000)
  region size 1024K, 4 young (4096K), 4 survivors (4096K)
 Metaspace       used 69022K, committed 70848K, reserved 1114112K
  class space    used 9874K, committed 10752K, reserved 1048576K
}
Event: 10.625 GC heap before
{Heap before GC invocations=20 (full 0):
 garbage-first heap   total 80896K, used 72936K [0x0000000080000000, 0x0000000100000000)
  region size 1024K, 30 young (30720K), 4 survivors (4096K)
 Metaspace       used 70609K, committed 72512K, reserved 1114112K
  class space    used 10057K, committed 10944K, reserved 1048576K
}
Event: 10.629 GC heap after
{Heap after GC invocations=21 (full 0):
 garbage-first heap   total 97280K, used 49321K [0x0000000080000000, 0x0000000100000000)
  region size 1024K, 4 young (4096K), 4 survivors (4096K)
 Metaspace       used 70609K, committed 72512K, reserved 1114112K
  class space    used 10057K, committed 10944K, reserved 1048576K
}
Event: 10.784 GC heap before
{Heap before GC invocations=21 (full 0):
 garbage-first heap   total 97280K, used 86185K [0x0000000080000000, 0x0000000100000000)
  region size 1024K, 41 young (41984K), 4 survivors (4096K)
 Metaspace       used 70838K, committed 72704K, reserved 1114112K
  class space    used 10057K, committed 10944K, reserved 1048576K
}
Event: 10.789 GC heap after
{Heap after GC invocations=22 (full 0):
 garbage-first heap   total 97280K, used 51305K [0x0000000080000000, 0x0000000100000000)
  region size 1024K, 6 young (6144K), 6 survivors (6144K)
 Metaspace       used 70838K, committed 72704K, reserved 1114112K
  class space    used 10057K, committed 10944K, reserved 1048576K
}
Event: 10.918 GC heap before
{Heap before GC invocations=22 (full 0):
 garbage-first heap   total 97280K, used 86121K [0x0000000080000000, 0x0000000100000000)
  region size 1024K, 41 young (41984K), 6 survivors (6144K)
 Metaspace       used 71007K, committed 72896K, reserved 1114112K
  class space    used 10057K, committed 10944K, reserved 1048576K
}
Event: 10.922 GC heap after
{Heap after GC invocations=23 (full 0):
 garbage-first heap   total 97280K, used 52574K [0x0000000080000000, 0x0000000100000000)
  region size 1024K, 5 young (5120K), 5 survivors (5120K)
 Metaspace       used 71007K, committed 72896K, reserved 1114112K
  class space    used 10057K, committed 10944K, reserved 1048576K
}
Event: 11.021 GC heap before
{Heap before GC invocations=24 (full 0):
 garbage-first heap   total 97280K, used 87390K [0x0000000080000000, 0x0000000100000000)
  region size 1024K, 40 young (40960K), 5 survivors (5120K)
 Metaspace       used 71147K, committed 72960K, reserved 1114112K
  class space    used 10057K, committed 10944K, reserved 1048576K
}
Event: 11.024 GC heap after
{Heap after GC invocations=25 (full 0):
 garbage-first heap   total 97280K, used 53137K [0x0000000080000000, 0x0000000100000000)
  region size 1024K, 2 young (2048K), 2 survivors (2048K)
 Metaspace       used 71147K, committed 72960K, reserved 1114112K
  class space    used 10057K, committed 10944K, reserved 1048576K
}
Event: 11.087 GC heap before
{Heap before GC invocations=25 (full 0):
 garbage-first heap   total 97280K, used 88977K [0x0000000080000000, 0x0000000100000000)
  region size 1024K, 38 young (38912K), 2 survivors (2048K)
 Metaspace       used 71157K, committed 73024K, reserved 1114112K
  class space    used 10057K, committed 10944K, reserved 1048576K
}
Event: 11.090 GC heap after
{Heap after GC invocations=26 (full 0):
 garbage-first heap   total 97280K, used 53212K [0x0000000080000000, 0x0000000100000000)
  region size 1024K, 2 young (2048K), 2 survivors (2048K)
 Metaspace       used 71157K, committed 73024K, reserved 1114112K
  class space    used 10057K, committed 10944K, reserved 1048576K
}
Event: 11.149 GC heap before
{Heap before GC invocations=26 (full 0):
 garbage-first heap   total 97280K, used 90076K [0x0000000080000000, 0x0000000100000000)
  region size 1024K, 39 young (39936K), 2 survivors (2048K)
 Metaspace       used 71170K, committed 73024K, reserved 1114112K
  class space    used 10057K, committed 10944K, reserved 1048576K
}
Event: 11.152 GC heap after
{Heap after GC invocations=27 (full 0):
 garbage-first heap   total 97280K, used 53694K [0x0000000080000000, 0x0000000100000000)
  region size 1024K, 3 young (3072K), 3 survivors (3072K)
 Metaspace       used 71170K, committed 73024K, reserved 1114112K
  class space    used 10057K, committed 10944K, reserved 1048576K
}
Event: 11.234 GC heap before
{Heap before GC invocations=28 (full 0):
 garbage-first heap   total 97280K, used 89534K [0x0000000080000000, 0x0000000100000000)
  region size 1024K, 39 young (39936K), 3 survivors (3072K)
 Metaspace       used 71171K, committed 73024K, reserved 1114112K
  class space    used 10057K, committed 10944K, reserved 1048576K
}
Event: 11.237 GC heap after
{Heap after GC invocations=29 (full 0):
 garbage-first heap   total 97280K, used 54231K [0x0000000080000000, 0x0000000100000000)
  region size 1024K, 3 young (3072K), 3 survivors (3072K)
 Metaspace       used 71171K, committed 73024K, reserved 1114112K
  class space    used 10057K, committed 10944K, reserved 1048576K
}
Event: 11.279 GC heap before
{Heap before GC invocations=29 (full 0):
 garbage-first heap   total 97280K, used 90071K [0x0000000080000000, 0x0000000100000000)
  region size 1024K, 39 young (39936K), 3 survivors (3072K)
 Metaspace       used 71172K, committed 73024K, reserved 1114112K
  class space    used 10057K, committed 10944K, reserved 1048576K
}

